<?xml version="1.0" encoding="UTF-8"?>
<!-- Generated by org.testng.reporters.JUnitReportReporter -->
<testsuite skipped="0" hostname="WIN-GEDESCREUP8" name="test.NewTest" tests="1" failures="0" timestamp="24 Feb 2018 19:51:28 GMT" time="4.067" errors="0">
  <testcase name="mavenTest" time="4.067" classname="test.NewTest"/>
</testsuite> <!-- test.NewTest -->
